sh: 1: \rm: not found
 DNA or RNA files? (default = RNA)
 Enter new temperature (int in deg celsius)
 Enter Na+ concentration (molar).
 Enter Mg++ concentration (molar).
RNA free energies. [Na+] = 1.0000 M [Mg++] = 0.0000 M
 Output successfully written to asint1x2.30 
               ''               dangle.30 
               ''               loop.30 
               ''               miscloop.30 
               ''               sint2.30 
               ''               sint4.30 
               ''               stack.30 
               ''               tloop.30 
               ''               triloop.30 
               ''               tstackh.30 
               ''               tstacki.30 
 mfold version 3.6 by Michael Zuker
 Enter run type
     0  Regular run (default)
     1  Save run
     2  Continuation run
  
 Enter save file name (default fold.sav)

 Input sequence file name  (q to quit)  

 Available sequence(s) in mfold_Narna_23S_refGenome-local.seq     

   1) NC_004050.1 |Saccharomyces 23S RNA narnavirus, com

 Choose sequence by number [default is  1],                     or enter  F  for a new file: 

   Length of retrieved sequence =   2891



 NC_004050.1 |Saccharomyces 23S RNA narnavirus, com       2891 nucleotides

 Enter start of fragment (default 1)
 Enter end of fragment (default   2891)
 Enter asymmetric interior loop of size 3 energy file name
 (default asint1x2.dat)
 Enter asymmetric interior loop of size 5 energy file name
 (default asint2x3.dat)
 Enter dangle energy file name (default dangle.dat)
 Enter loop energy file name (default loop.dat)
 Enter misc. loop energy file name (default miscloop.dat)
 Enter symmetric interior loop of size 2 energy file
  name (default sint2.dat)
 Enter symmetric interior loop of size 4 energy file
  name (default sint4.dat)
 Enter symmetric interior loop of size 6 energy file
  name (default sint6.dat)
 Enter stack energy file name (default stack.dat)
 Enter tetraloop energy file name (default tloop.dat)
 Enter triloop energy file name (default triloop.dat)
 Enter tstackh energy file name (default tstackh.dat)
 Enter tstacki energy file name (default tstacki.dat)

          1  Energy Parameter           7  Double Prohibit 
          2  Single Force               8  Prohibit Range  
          3  Double Force               9  Maximum distance
          4  Closed Excision           10  Begin folding   
          5  Open Excision             11  Show current    
          6  Single Prohibit           12  Clear current   

 Enter Choice   

            Energy Parameters (10ths or 100ths kcal/mol)

          1 Extra stack energy                        [    0]
          2 Extra bulge energy                        [    0]
          3 Extra loop energy (interior)              [    0]
          4 Extra loop energy (hairpin)               [    0]
          5 Extra loop energy (multi)                 [  450]
          6 Multi loop energy/single-stranded base    [   39]
          7 Maximum size of interior loop             [   30]
          8 Maximum lopsidedness of an interior loop  [   30]
          9 Multi loop energy/closing base pair       [   10]
         10 Helix penalty per non-GC closing pair     [    0]
         11 GGG hairpin bonus                         [    0]
         12 poly-C loop penalty: slope                [    0]
         13 poly-C loop penalty: intercept            [    0]
         14 poly-C loop penalty: hairpin of size 3    [    0]
         15 Intermolecular initiation free energy     [  401]
         16 GAIL Rule - 1 for version 3 rules only    [    0]
Enter Parameter to be changed (<return> for main menu)
Enter new value

            Energy Parameters (10ths or 100ths kcal/mol)

          1 Extra stack energy                        [    0]
          2 Extra bulge energy                        [    0]
          3 Extra loop energy (interior)              [    0]
          4 Extra loop energy (hairpin)               [    0]
          5 Extra loop energy (multi)                 [  450]
          6 Multi loop energy/single-stranded base    [   39]
          7 Maximum size of interior loop             [   30]
          8 Maximum lopsidedness of an interior loop  [   30]
          9 Multi loop energy/closing base pair       [   10]
         10 Helix penalty per non-GC closing pair     [    0]
         11 GGG hairpin bonus                         [    0]
         12 poly-C loop penalty: slope                [    0]
         13 poly-C loop penalty: intercept            [    0]
         14 poly-C loop penalty: hairpin of size 3    [    0]
         15 Intermolecular initiation free energy     [  401]
         16 GAIL Rule - 1 for version 3 rules only    [    0]
Enter Parameter to be changed (<return> for main menu)
Enter new value

            Energy Parameters (10ths or 100ths kcal/mol)

          1 Extra stack energy                        [    0]
          2 Extra bulge energy                        [    0]
          3 Extra loop energy (interior)              [    0]
          4 Extra loop energy (hairpin)               [    0]
          5 Extra loop energy (multi)                 [  450]
          6 Multi loop energy/single-stranded base    [   39]
          7 Maximum size of interior loop             [   30]
          8 Maximum lopsidedness of an interior loop  [   30]
          9 Multi loop energy/closing base pair       [   10]
         10 Helix penalty per non-GC closing pair     [    0]
         11 GGG hairpin bonus                         [    0]
         12 poly-C loop penalty: slope                [    0]
         13 poly-C loop penalty: intercept            [    0]
         14 poly-C loop penalty: hairpin of size 3    [    0]
         15 Intermolecular initiation free energy     [  401]
         16 GAIL Rule - 1 for version 3 rules only    [    0]
Enter Parameter to be changed (<return> for main menu)

          1  Energy Parameter           7  Double Prohibit 
          2  Single Force               8  Prohibit Range  
          3  Double Force               9  Maximum distance
          4  Closed Excision           10  Begin folding   
          5  Open Excision             11  Show current    
          6  Single Prohibit           12  Clear current   

 Enter Choice   
sh: 1: cannot create /dev/tty: No such device or address
sh: 1: cannot create /dev/tty: No such device or address
sh: 1: cannot create /dev/tty: No such device or address
sh: 1: cannot create /dev/tty: No such device or address
sh: 1: cannot create /dev/tty: No such device or address
sh: 1: cannot create /dev/tty: No such device or address
sh: 1: cannot create /dev/tty: No such device or address
sh: 1: cannot create /dev/tty: No such device or address
sh: 1: cannot create /dev/tty: No such device or address
sh: 1: cannot create /dev/tty: No such device or address
sh: 1: cannot create /dev/tty: No such device or address
sh: 1: cannot create /dev/tty: No such device or address
sh: 1: cannot create /dev/tty: No such device or address
sh: 1: cannot create /dev/tty: No such device or address
sh: 1: cannot create /dev/tty: No such device or address
sh: 1: cannot create /dev/tty: No such device or address
sh: 1: cannot create /dev/tty: No such device or address
sh: 1: cannot create /dev/tty: No such device or address
sh: 1: cannot create /dev/tty: No such device or address
sh: 1: cannot create /dev/tty: No such device or address
sh: 1: cannot create /dev/tty: No such device or address
sh: 1: cannot create /dev/tty: No such device or address
sh: 1: cannot create /dev/tty: No such device or address
sh: 1: cannot create /dev/tty: No such device or address
sh: 1: cannot create /dev/tty: No such device or address
sh: 1: cannot create /dev/tty: No such device or address
sh: 1: cannot create /dev/tty: No such device or address
sh: 1: cannot create /dev/tty: No such device or address
sh: 1: cannot create /dev/tty: No such device or address
sh: 1: cannot create /dev/tty: No such device or address
sh: 1: cannot create /dev/tty: No such device or address
sh: 1: cannot create /dev/tty: No such device or address
sh: 1: cannot create /dev/tty: No such device or address
sh: 1: cannot create /dev/tty: No such device or address
sh: 1: cannot create /dev/tty: No such device or address
sh: 1: cannot create /dev/tty: No such device or address
sh: 1: cannot create /dev/tty: No such device or address
sh: 1: cannot create /dev/tty: No such device or address
sh: 1: cannot create /dev/tty: No such device or address
sh: 1: cannot create /dev/tty: No such device or address
sh: 1: cannot create /dev/tty: No such device or address
sh: 1: cannot create /dev/tty: No such device or address
sh: 1: cannot create /dev/tty: No such device or address
sh: 1: cannot create /dev/tty: No such device or address
sh: 1: cannot create /dev/tty: No such device or address
sh: 1: cannot create /dev/tty: No such device or address
sh: 1: cannot create /dev/tty: No such device or address
sh: 1: cannot create /dev/tty: No such device or address
sh: 1: cannot create /dev/tty: No such device or address
sh: 1: cannot create /dev/tty: No such device or address
sh: 1: cannot create /dev/tty: No such device or address
sh: 1: cannot create /dev/tty: No such device or address
sh: 1: cannot create /dev/tty: No such device or address
sh: 1: cannot create /dev/tty: No such device or address
sh: 1: cannot create /dev/tty: No such device or address
sh: 1: cannot create /dev/tty: No such device or address
sh: 1: cannot create /dev/tty: No such device or address
sh: 1: cannot create /dev/tty: No such device or address
sh: 1: cannot create /dev/tty: No such device or address
sh: 1: cannot create /dev/tty: No such device or address
sh: 1: cannot create /dev/tty: No such device or address
sh: 1: cannot create /dev/tty: No such device or address
sh: 1: cannot create /dev/tty: No such device or address
sh: 1: cannot create /dev/tty: No such device or address
sh: 1: cannot create /dev/tty: No such device or address
sh: 1: cannot create /dev/tty: No such device or address
sh: 1: cannot create /dev/tty: No such device or address
sh: 1: cannot create /dev/tty: No such device or address
sh: 1: cannot create /dev/tty: No such device or address
sh: 1: cannot create /dev/tty: No such device or address
sh: 1: cannot create /dev/tty: No such device or address
sh: 1: cannot create /dev/tty: No such device or address
sh: 1: cannot create /dev/tty: No such device or address
sh: 1: cannot create /dev/tty: No such device or address
sh: 1: cannot create /dev/tty: No such device or address
sh: 1: cannot create /dev/tty: No such device or address
sh: 1: cannot create /dev/tty: No such device or address
sh: 1: cannot create /dev/tty: No such device or address
sh: 1: cannot create /dev/tty: No such device or address
sh: 1: cannot create /dev/tty: No such device or address
sh: 1: cannot create /dev/tty: No such device or address
sh: 1: cannot create /dev/tty: No such device or address
sh: 1: cannot create /dev/tty: No such device or address
sh: 1: cannot create /dev/tty: No such device or address
sh: 1: cannot create /dev/tty: No such device or address
sh: 1: cannot create /dev/tty: No such device or address
sh: 1: cannot create /dev/tty: No such device or address
sh: 1: cannot create /dev/tty: No such device or address
sh: 1: cannot create /dev/tty: No such device or address
sh: 1: cannot create /dev/tty: No such device or address
sh: 1: cannot create /dev/tty: No such device or address
sh: 1: cannot create /dev/tty: No such device or address
sh: 1: cannot create /dev/tty: No such device or address
sh: 1: cannot create /dev/tty: No such device or address
sh: 1: cannot create /dev/tty: No such device or address
sh: 1: cannot create /dev/tty: No such device or address
sh: 1: cannot create /dev/tty: No such device or address
sh: 1: cannot create /dev/tty: No such device or address
sh: 1: cannot create /dev/tty: No such device or address
sh: 1: cannot create /dev/tty: No such device or address
sh: 1: cannot create /dev/tty: No such device or address
sh: 1: cannot create /dev/tty: No such device or address
sh: 1: cannot create /dev/tty: No such device or address
sh: 1: cannot create /dev/tty: No such device or address
sh: 1: cannot create /dev/tty: No such device or address
sh: 1: cannot create /dev/tty: No such device or address
sh: 1: cannot create /dev/tty: No such device or address
sh: 1: cannot create /dev/tty: No such device or address
sh: 1: cannot create /dev/tty: No such device or address
sh: 1: cannot create /dev/tty: No such device or address
sh: 1: cannot create /dev/tty: No such device or address
sh: 1: cannot create /dev/tty: No such device or address
sh: 1: cannot create /dev/tty: No such device or address
sh: 1: cannot create /dev/tty: No such device or address
sh: 1: cannot create /dev/tty: No such device or address
sh: 1: cannot create /dev/tty: No such device or address
sh: 1: cannot create /dev/tty: No such device or address
sh: 1: cannot create /dev/tty: No such device or address
sh: 1: cannot create /dev/tty: No such device or address
sh: 1: cannot create /dev/tty: No such device or address
sh: 1: cannot create /dev/tty: No such device or address
sh: 1: cannot create /dev/tty: No such device or address
sh: 1: cannot create /dev/tty: No such device or address
sh: 1: cannot create /dev/tty: No such device or address
sh: 1: cannot create /dev/tty: No such device or address
sh: 1: cannot create /dev/tty: No such device or address
sh: 1: cannot create /dev/tty: No such device or address
sh: 1: cannot create /dev/tty: No such device or address
sh: 1: cannot create /dev/tty: No such device or address
sh: 1: cannot create /dev/tty: No such device or address
sh: 1: cannot create /dev/tty: No such device or address
sh: 1: cannot create /dev/tty: No such device or address
sh: 1: cannot create /dev/tty: No such device or address
sh: 1: cannot create /dev/tty: No such device or address
sh: 1: cannot create /dev/tty: No such device or address
sh: 1: cannot create /dev/tty: No such device or address
sh: 1: cannot create /dev/tty: No such device or address
sh: 1: cannot create /dev/tty: No such device or address
sh: 1: cannot create /dev/tty: No such device or address
sh: 1: cannot create /dev/tty: No such device or address
sh: 1: cannot create /dev/tty: No such device or address
sh: 1: cannot create /dev/tty: No such device or address
sh: 1: cannot create /dev/tty: No such device or address
sh: 1: cannot create /dev/tty: No such device or address
sh: 1: cannot create /dev/tty: No such device or address
sh: 1: cannot create /dev/tty: No such device or address
sh: 1: cannot create /dev/tty: No such device or address
sh: 1: cannot create /dev/tty: No such device or address
sh: 1: cannot create /dev/tty: No such device or address
sh: 1: cannot create /dev/tty: No such device or address
sh: 1: cannot create /dev/tty: No such device or address
sh: 1: cannot create /dev/tty: No such device or address
sh: 1: cannot create /dev/tty: No such device or address
sh: 1: cannot create /dev/tty: No such device or address
sh: 1: cannot create /dev/tty: No such device or address
sh: 1: cannot create /dev/tty: No such device or address
sh: 1: cannot create /dev/tty: No such device or address
sh: 1: cannot create /dev/tty: No such device or address
sh: 1: cannot create /dev/tty: No such device or address
sh: 1: cannot create /dev/tty: No such device or address
sh: 1: cannot create /dev/tty: No such device or address
sh: 1: cannot create /dev/tty: No such device or address
sh: 1: cannot create /dev/tty: No such device or address
sh: 1: cannot create /dev/tty: No such device or address
sh: 1: cannot create /dev/tty: No such device or address
sh: 1: cannot create /dev/tty: No such device or address
sh: 1: cannot create /dev/tty: No such device or address
sh: 1: cannot create /dev/tty: No such device or address
sh: 1: cannot create /dev/tty: No such device or address
sh: 1: cannot create /dev/tty: No such device or address
sh: 1: cannot create /dev/tty: No such device or address
sh: 1: cannot create /dev/tty: No such device or address
sh: 1: cannot create /dev/tty: No such device or address
sh: 1: cannot create /dev/tty: No such device or address
sh: 1: cannot create /dev/tty: No such device or address
sh: 1: cannot create /dev/tty: No such device or address
sh: 1: cannot create /dev/tty: No such device or address
sh: 1: cannot create /dev/tty: No such device or address
sh: 1: cannot create /dev/tty: No such device or address
sh: 1: cannot create /dev/tty: No such device or address
sh: 1: cannot create /dev/tty: No such device or address
sh: 1: cannot create /dev/tty: No such device or address
sh: 1: cannot create /dev/tty: No such device or address
sh: 1: cannot create /dev/tty: No such device or address
sh: 1: cannot create /dev/tty: No such device or address
sh: 1: cannot create /dev/tty: No such device or address
sh: 1: cannot create /dev/tty: No such device or address
sh: 1: cannot create /dev/tty: No such device or address
sh: 1: cannot create /dev/tty: No such device or address
sh: 1: cannot create /dev/tty: No such device or address
sh: 1: cannot create /dev/tty: No such device or address
sh: 1: cannot create /dev/tty: No such device or address
sh: 1: cannot create /dev/tty: No such device or address
sh: 1: cannot create /dev/tty: No such device or address
sh: 1: cannot create /dev/tty: No such device or address
sh: 1: cannot create /dev/tty: No such device or address
sh: 1: cannot create /dev/tty: No such device or address
sh: 1: cannot create /dev/tty: No such device or address
sh: 1: cannot create /dev/tty: No such device or address
sh: 1: cannot create /dev/tty: No such device or address
sh: 1: cannot create /dev/tty: No such device or address
sh: 1: cannot create /dev/tty: No such device or address
sh: 1: cannot create /dev/tty: No such device or address
sh: 1: cannot create /dev/tty: No such device or address
sh: 1: cannot create /dev/tty: No such device or address
sh: 1: cannot create /dev/tty: No such device or address
sh: 1: cannot create /dev/tty: No such device or address
sh: 1: cannot create /dev/tty: No such device or address
sh: 1: cannot create /dev/tty: No such device or address
sh: 1: cannot create /dev/tty: No such device or address
sh: 1: cannot create /dev/tty: No such device or address
sh: 1: cannot create /dev/tty: No such device or address
sh: 1: cannot create /dev/tty: No such device or address
sh: 1: cannot create /dev/tty: No such device or address
sh: 1: cannot create /dev/tty: No such device or address
sh: 1: cannot create /dev/tty: No such device or address
sh: 1: cannot create /dev/tty: No such device or address
sh: 1: cannot create /dev/tty: No such device or address
sh: 1: cannot create /dev/tty: No such device or address
sh: 1: cannot create /dev/tty: No such device or address
sh: 1: cannot create /dev/tty: No such device or address
sh: 1: cannot create /dev/tty: No such device or address
sh: 1: cannot create /dev/tty: No such device or address
sh: 1: cannot create /dev/tty: No such device or address
sh: 1: cannot create /dev/tty: No such device or address
sh: 1: cannot create /dev/tty: No such device or address
sh: 1: cannot create /dev/tty: No such device or address
sh: 1: cannot create /dev/tty: No such device or address
sh: 1: cannot create /dev/tty: No such device or address
sh: 1: cannot create /dev/tty: No such device or address
sh: 1: cannot create /dev/tty: No such device or address
sh: 1: cannot create /dev/tty: No such device or address
sh: 1: cannot create /dev/tty: No such device or address
sh: 1: cannot create /dev/tty: No such device or address
sh: 1: cannot create /dev/tty: No such device or address
sh: 1: cannot create /dev/tty: No such device or address
sh: 1: cannot create /dev/tty: No such device or address
sh: 1: cannot create /dev/tty: No such device or address
sh: 1: cannot create /dev/tty: No such device or address
sh: 1: cannot create /dev/tty: No such device or address
sh: 1: cannot create /dev/tty: No such device or address
sh: 1: cannot create /dev/tty: No such device or address
sh: 1: cannot create /dev/tty: No such device or address
sh: 1: cannot create /dev/tty: No such device or address
sh: 1: cannot create /dev/tty: No such device or address
sh: 1: cannot create /dev/tty: No such device or address
sh: 1: cannot create /dev/tty: No such device or address
sh: 1: cannot create /dev/tty: No such device or address
sh: 1: cannot create /dev/tty: No such device or address
sh: 1: cannot create /dev/tty: No such device or address
sh: 1: cannot create /dev/tty: No such device or address
sh: 1: cannot create /dev/tty: No such device or address
sh: 1: cannot create /dev/tty: No such device or address
sh: 1: cannot create /dev/tty: No such device or address
sh: 1: cannot create /dev/tty: No such device or address
sh: 1: cannot create /dev/tty: No such device or address
sh: 1: cannot create /dev/tty: No such device or address
sh: 1: cannot create /dev/tty: No such device or address
sh: 1: cannot create /dev/tty: No such device or address
sh: 1: cannot create /dev/tty: No such device or address
sh: 1: cannot create /dev/tty: No such device or address
sh: 1: cannot create /dev/tty: No such device or address
sh: 1: cannot create /dev/tty: No such device or address
sh: 1: cannot create /dev/tty: No such device or address
sh: 1: cannot create /dev/tty: No such device or address
sh: 1: cannot create /dev/tty: No such device or address
sh: 1: cannot create /dev/tty: No such device or address
sh: 1: cannot create /dev/tty: No such device or address
sh: 1: cannot create /dev/tty: No such device or address
sh: 1: cannot create /dev/tty: No such device or address
sh: 1: cannot create /dev/tty: No such device or address
sh: 1: cannot create /dev/tty: No such device or address
sh: 1: cannot create /dev/tty: No such device or address
sh: 1: cannot create /dev/tty: No such device or address
sh: 1: cannot create /dev/tty: No such device or address
sh: 1: cannot create /dev/tty: No such device or address
sh: 1: cannot create /dev/tty: No such device or address
sh: 1: cannot create /dev/tty: No such device or address
sh: 1: cannot create /dev/tty: No such device or address
sh: 1: cannot create /dev/tty: No such device or address
sh: 1: cannot create /dev/tty: No such device or address
sh: 1: cannot create /dev/tty: No such device or address
sh: 1: cannot create /dev/tty: No such device or address
sh: 1: cannot create /dev/tty: No such device or address
sh: 1: cannot create /dev/tty: No such device or address
sh: 1: cannot create /dev/tty: No such device or address
sh: 1: cannot create /dev/tty: No such device or address
sh: 1: cannot create /dev/tty: No such device or address
sh: 1: cannot create /dev/tty: No such device or address
sh: 1: cannot create /dev/tty: No such device or address
sh: 1: cannot create /dev/tty: No such device or address
 Enter save file name (default fold.sav)
 Enter helix file name 
 >
vmin = -1498.8 Enter energy increment >
Enter number of levels >
Removing non-optimal helices of length less than 2
mfold_Narna_23S_refGenome.plot replaced by new file.
 Enter save file name (default fold.sav)
 Enter p-num file name 
 >
vmin = -1498.8. Enter energy increment >
    ====>  Output file is mfold_Narna_23S_refGenome.h-num

 mfold version 3.6 by Michael Zuker
 Enter run type
     0  Regular run (default)
     1  Save run
     2  Continuation run
  
 Enter run mode
     0  Sub-optimal plot (default)
     1  n-best
     2  Multiple Molecules
  

 Enter percentage for sort (default 0)  

 Enter number of tracebacks (default 1)  

 Enter window size (default 0)  
  
 Enter save file name (default fold.sav)
 Enter file name for continuation dump(return for terminal)
  No choices currently defined
   Energy Parameters


             Energy Parameters (10ths kcal/mol)

           1 Extra stack energy                        [    0]
           2 Extra bulge energy                        [    0]
           3 Extra loop energy (interior)              [    0]
           4 Extra loop energy (hairpin)               [    0]
           5 Extra loop energy (multi)                 [  450]
           6 Multi loop energy/single-stranded base    [   39]
           7 Maximum size of interior loop             [   30]
           8 Maximum lopsidedness of an interior loop  [   30]
           9 Multi loop energy/closing base pair       [   10]
          10 Helix penalty per non-GC closing pair     [    0]
          11 GGG hairpin bonus                         [    0]
          12 poly-C loop penalty: slope                [    0]
          13 poly-C loop penalty: intercept            [    0]
          14 poly-C loop penalty: hairpin of size 3    [    0]
          15 Intermolecular initiation free energy     [  401]
          16 GAIL Rule - 1 for version 3 rules only    [    0]


 Listing of energy files? (y/N)
Do you want printer output? (Y,n) 
Output to terminal? (Y,n) 
Enter output file name (default NC_004050_1__Saccharomyces_23S_RNA_narnavirus__com.out      )
Do you want ct file? (y,N) 
Enter ct file name (default NC_004050_1__Saccharomyces_23S_RNA_narnavirus__com.ct       )
Do you want a detailed ddG table? (y,N) 
Enter detailed ddG table file name (default NC_004050_1__Saccharomyces_23S_RNA_narnavirus__com.det      )
  
 More than  90000 basepairs in sort at (   348,  1174)
sh: 1: cannot create /dev/tty: No such device or address
sh: 1: cannot create /dev/tty: No such device or address
sh: 1: cannot create /dev/tty: No such device or address
sh: 1: cannot create /dev/tty: No such device or address
sh: 1: cannot create /dev/tty: No such device or address
 End reached at traceback     5
sh: 1: cannot create /dev/tty: No such device or address
boxplot_ng, mfold 3.6
Trying to open mfold_Narna_23S_refGenome.plot
The number of helices is 5244
Helix total is 5245
There are 5244 helices in the plot file.
Postscript file name is mfold_Narna_23S_refGenome.ps
Normal exit from boxplot_ng.
CurrentFile= mfold_Narna_23S_refGenome_1.ct
CurrentFile= mfold_Narna_23S_refGenome_2.ct
CurrentFile= mfold_Narna_23S_refGenome_3.ct
CurrentFile= mfold_Narna_23S_refGenome_4.ct
CurrentFile= mfold_Narna_23S_refGenome_5.ct
Rotation angle: 0.00 degrees
Input File: mfold_Narna_23S_refGenome_1.ct
Sequence length: 2891
Using 356.0 degrees of the circle 
Rotating -90 degrees to avoid landscape mode
Structure is rotated -90.00 degrees
Output:  mfold_Narna_23S_refGenome_1.ps
ss file output is mfold_Narna_23S_refGenome_1.ss
Normal exit from sir_graph.
Rotation angle: 0.00 degrees
Input File: mfold_Narna_23S_refGenome_1.ct
Sequence length: 2891
Using 356.0 degrees of the circle 
Rotating -90 degrees to avoid landscape mode
Structure is rotated -90.00 degrees
Output:  mfold_Narna_23S_refGenome_1.ps
Normal exit from sir_graph.
Rotation angle: 0.00 degrees
Input File: mfold_Narna_23S_refGenome_1.ct
Sequence length: 2891
Using 356.0 degrees of the circle 
Rotating -90 degrees to avoid landscape mode
Structure is rotated -90.00 degrees
Normal exit from sir_graph.
Rotation angle: 0.00 degrees
Input File: mfold_Narna_23S_refGenome_2.ct
Sequence length: 2891
Using 356.0 degrees of the circle 
Rotating -90 degrees to avoid landscape mode
Structure is rotated -90.00 degrees
Output:  mfold_Narna_23S_refGenome_2.ps
ss file output is mfold_Narna_23S_refGenome_2.ss
Normal exit from sir_graph.
Rotation angle: 0.00 degrees
Input File: mfold_Narna_23S_refGenome_2.ct
Sequence length: 2891
Using 356.0 degrees of the circle 
Rotating -90 degrees to avoid landscape mode
Structure is rotated -90.00 degrees
Output:  mfold_Narna_23S_refGenome_2.ps
Normal exit from sir_graph.
Rotation angle: 0.00 degrees
Input File: mfold_Narna_23S_refGenome_2.ct
Sequence length: 2891
Using 356.0 degrees of the circle 
Rotating -90 degrees to avoid landscape mode
Structure is rotated -90.00 degrees
Normal exit from sir_graph.
Rotation angle: 0.00 degrees
Input File: mfold_Narna_23S_refGenome_3.ct
Sequence length: 2891
Using 356.0 degrees of the circle 
Rotating -90 degrees to avoid landscape mode
Structure is rotated -90.00 degrees
Output:  mfold_Narna_23S_refGenome_3.ps
ss file output is mfold_Narna_23S_refGenome_3.ss
Normal exit from sir_graph.
Rotation angle: 0.00 degrees
Input File: mfold_Narna_23S_refGenome_3.ct
Sequence length: 2891
Using 356.0 degrees of the circle 
Rotating -90 degrees to avoid landscape mode
Structure is rotated -90.00 degrees
Output:  mfold_Narna_23S_refGenome_3.ps
Normal exit from sir_graph.
Rotation angle: 0.00 degrees
Input File: mfold_Narna_23S_refGenome_3.ct
Sequence length: 2891
Using 356.0 degrees of the circle 
Rotating -90 degrees to avoid landscape mode
Structure is rotated -90.00 degrees
Normal exit from sir_graph.
Rotation angle: 0.00 degrees
Input File: mfold_Narna_23S_refGenome_4.ct
Sequence length: 2891
Using 356.0 degrees of the circle 
Output:  mfold_Narna_23S_refGenome_4.ps
ss file output is mfold_Narna_23S_refGenome_4.ss
Normal exit from sir_graph.
Rotation angle: 0.00 degrees
Input File: mfold_Narna_23S_refGenome_4.ct
Sequence length: 2891
Using 356.0 degrees of the circle 
Output:  mfold_Narna_23S_refGenome_4.ps
Normal exit from sir_graph.
Rotation angle: 0.00 degrees
Input File: mfold_Narna_23S_refGenome_4.ct
Sequence length: 2891
Using 356.0 degrees of the circle 
Normal exit from sir_graph.
Rotation angle: 0.00 degrees
Input File: mfold_Narna_23S_refGenome_5.ct
Sequence length: 2891
Using 356.0 degrees of the circle 
Rotating -90 degrees to avoid landscape mode
Structure is rotated -90.00 degrees
Output:  mfold_Narna_23S_refGenome_5.ps
ss file output is mfold_Narna_23S_refGenome_5.ss
Normal exit from sir_graph.
Rotation angle: 0.00 degrees
Input File: mfold_Narna_23S_refGenome_5.ct
Sequence length: 2891
Using 356.0 degrees of the circle 
Rotating -90 degrees to avoid landscape mode
Structure is rotated -90.00 degrees
Output:  mfold_Narna_23S_refGenome_5.ps
Normal exit from sir_graph.
Rotation angle: 0.00 degrees
Input File: mfold_Narna_23S_refGenome_5.ct
Sequence length: 2891
Using 356.0 degrees of the circle 
Rotating -90 degrees to avoid landscape mode
Structure is rotated -90.00 degrees
Normal exit from sir_graph.
